<?xml version="1.0" encoding="utf-8"?><testsuites name="pytest tests"><testsuite name="pytest" errors="0" failures="0" skipped="0" tests="4" time="0.913" timestamp="2026-08-19T19:26:13.115461+00:00" hostname="agent-env-fd8fe7d2-091e-4646-983c-eb08ab2a770d"><testcase classname="tests.test_guardrails.TestGuardrailStatus" name="test_state_has_guardrail_status_field" time="0.316" /><testcase classname="tests.test_guardrails.TestGuardrailStatus" name="test_tripped_total_spend_cap" time="0.184" /><testcase classname="tests.test_guardrails.TestGuardrailStatus" name="test_reset_spend_zeros_counters" time="0.088" /><testcase classname="tests.test_guardrails.TestGuardrailStatus" name="test_restore_defaults_clears_status" time="0.273" /></testsuite></testsuites>