<?xml version="1.0" encoding="utf-8"?><testsuites name="pytest tests"><testsuite name="pytest" errors="0" failures="1" skipped="0" tests="16" time="5.436" timestamp="2026-08-19T16:59:20.726264+00:00" hostname="agent-env-fd8fe7d2-091e-4646-983c-eb08ab2a770d"><testcase classname="tests.backend_test.TestCoins" name="test_get_coins_all" time="0.423" /><testcase classname="tests.backend_test.TestBotControls" name="test_toggle" time="0.587" /><testcase classname="tests.backend_test.TestCoins" name="test_filter_eligible" time="0.042" /><testcase classname="tests.backend_test.TestCoins" name="test_filter_new" time="0.040" /><testcase classname="tests.backend_test.TestAutoTrading" name="test_bot_generates_trades" time="4.165" /><testcase classname="tests.backend_test.TestBotControls" name="test_mode_switch" time="0.082"><failure message="AssertionError: assert (200 == 200 and 'paper' == 'real'&#10; +  where 200 = &lt;Response [200]&gt;.status_code&#10;  &#10;  - real&#10;  + paper)">backend/tests/backend_test.py:78: in test_mode_switch
    assert r.status_code == 200 and r.json()["mode"] == "real"
E   AssertionError: assert (200 == 200 and 'paper' == 'real'
E    +  where 200 = &lt;Response [200]&gt;.status_code
E     
E     - real
E     + paper)</failure></testcase><testcase classname="tests.backend_test.TestBotControls" name="test_mode_invalid" time="0.039" /><testcase classname="tests.backend_test.TestBotControls" name="test_restart" time="0.076" /><testcase classname="tests.backend_test.TestRealWallet" name="test_deposit_sim" time="0.117" /><testcase classname="tests.backend_test.TestRealWallet" name="test_withdraw_ok" time="0.201" /><testcase classname="tests.backend_test.TestRealWallet" name="test_withdraw_insufficient" time="0.038" /><testcase classname="tests.backend_test.TestFeeds" name="test_decisions" time="0.040" /><testcase classname="tests.backend_test.TestFeeds" name="test_wallets" time="0.041" /><testcase classname="tests.backend_test.TestBotState" name="test_state_shape" time="0.043" /><testcase classname="tests.backend_test.TestAutoTrading" name="test_positions" time="0.079" /><testcase classname="tests.backend_test.TestAutoTrading" name="test_decisions_only_eligible_buys" time="0.171" /></testsuite></testsuites>