<?xml version="1.0" encoding="utf-8"?><testsuites name="pytest tests"><testsuite name="pytest" errors="0" failures="0" skipped="0" tests="4" time="31.552" timestamp="2026-08-19T19:57:57.591431+00:00" hostname="agent-env-fd8fe7d2-091e-4646-983c-eb08ab2a770d"><testcase classname="tests.test_tracker.TestTrackerValidation" name="test_enable_without_address_returns_400" time="0.352" /><testcase classname="tests.test_tracker.TestTrackerValidation" name="test_enable_with_address_persists" time="0.078" /><testcase classname="tests.test_tracker.TestTrackerValidation" name="test_disable_clears" time="0.120" /><testcase classname="tests.test_tracker.TestTrackerDisablesSelfScan" name="test_paper_scan_off_when_tracker_on" time="30.942" /></testsuite></testsuites>